-pasado ext.feet para el ext-all
Modificado estilo en ext-all.css para los dos temas
Actualizado el componente notificacion en variante desktop
Se modifico para que cargue el idioma para los menu en variantes desktop y portal
Actualizado archivo de idioma Ext.lang en ingles y espannol 
--------------------------------------------------------------------------------------------------------------
Closed dev of dpa, 
Changed and overwritenn icons.gif of tree(normal & rtl)
Create component ExtJs4.2 Ext.Feet.PagingToolbar in 
path FUTURE\lib\js\Extjs\4.2\components\grid\PagingToolBar\PagingToolbar.js 
with language en-es and fn-util added path Ext.Feet

Add in Ext-lang general language & in templates
Overrride searchfield, printview in ext-lang
Add report of country and language
All PrintView depends on language
--------------------------------------------------------------------------------------------------------------
Arreglado problemas con css menu start en chrome
Seria bueno mover todos los html para la carpeta templates dentro de lib
Cambiar los nombres de ControllerSercure, ModelSecure x Future_Controller, Future_Model
Revisar y validar ahora los errores con las fechas cuando viene con / e.g: TraceModel linea 305
para la funcionalidad loadAccesosPorDia
--------------------------------------------------------------------------------------------------------------
Cambios en ExtJs-2.2 
loadMask se quita el cargando ahora depende del idioma, pero ademas se puede pasar el argumento
ext-lang se adiciona el idioma para PagingToolbar
Se cambia MensajeAtencion x MensajeAdvertencia

Cambios en ExtJs-4.2 
Se adiciona las rutas locale, comun
Se adiciona iconos a los botones del roweditor
Se valida los eventos del roweditor canceledit & edit, ademas de que van en minuscula

Cambios en el framework
Se cambia el nombre en Security, Exception y se adiciona el prefijo Future_

Por hacer 75%
Arreglar la funcion de tiempo para el idioma